2025-11-28T19:28:36.2268860+08:00 Playing audio: D:\code\MyBook\bin\Debug\net8.0\Assets\ずっと真夜中でいいのに。 - 君がいて水になる.mp3
2025-11-28T19:28:48.7919883+08:00 Playing audio: D:\code\MyBook\bin\Debug\net8.0\Assets\ずっと真夜中でいいのに。 - 君がいて水になる.mp3
2025-11-28T19:32:02.6401384+08:00 Playing audio: D:\code\MyBook\bin\Debug\net8.0\Assets\ずっと真夜中でいいのに。 - 君がいて水になる.mp3
2025-11-28T19:32:55.8660991+08:00 Playing audio: D:\code\MyBook\bin\Debug\net8.0\Assets\ずっと真夜中でいいのに。 - 君がいて水になる.mp3
2025-11-28T19:38:06.8713938+08:00 Playing audio: D:\code\MyBook\bin\Debug\net8.0\Assets\ずっと真夜中でいいのに。 - 君がいて水になる.mp3
2025-11-28T19:56:12.0272720+08:00 Playing audio: D:\code\MyBook\bin\Debug\net8.0\Assets\ずっと真夜中でいいのに。 - 君がいて水になる.mp3
2025-11-28T19:57:03.0029435+08:00 Playing audio: D:\code\MyBook\bin\Debug\net8.0\Assets\ずっと真夜中でいいのに。 - 君がいて水になる.mp3
2025-11-28T19:58:17.8786670+08:00 Playing audio: D:\code\MyBook\bin\Debug\net8.0\Assets\ずっと真夜中でいいのに。 - 君がいて水になる.mp3
2025-11-28T20:02:00.2879300+08:00 Playing audio: D:\code\MyBook\bin\Debug\net8.0\Assets\ずっと真夜中でいいのに。 - 君がいて水になる.mp3
2025-11-28T20:14:16.9698697+08:00 Playing audio: D:\code\MyBook\bin\Debug\net8.0\Assets\ずっと真夜中でいいのに。 - 君がいて水になる.mp3
2025-11-28T20:26:54.0678217+08:00 Playing audio: D:\code\MyBook\bin\Debug\net8.0\Assets\ずっと真夜中でいいのに。 - 君がいて水になる.mp3
2025-11-28T21:52:58.5109873+08:00 Playing audio: D:\code\MyBook\bin\Debug\net8.0\Assets\ずっと真夜中でいいのに。 - 君がいて水になる.mp3
2025-11-28T21:53:23.9611868+08:00 Playing audio: D:\code\MyBook\bin\Debug\net8.0\Assets\ずっと真夜中でいいのに。 - 君がいて水になる.mp3
2025-11-28T22:04:25.7471844+08:00 Playing audio: D:\code\MyBook\bin\Debug\net8.0\Assets\ずっと真夜中でいいのに。 - 君がいて水になる.mp3
2025-11-29T15:12:49.6094444+08:00 Playing audio: D:\code\MyBook\bin\Debug\net8.0\Assets\ずっと真夜中でいいのに。 - 君がいて水になる.mp3
2025-11-29T15:18:19.2000654+08:00 Playing audio: D:\code\MyBook\bin\Debug\net8.0\Assets\ずっと真夜中でいいのに。 - 君がいて水になる.mp3
2025-11-29T15:25:26.3308099+08:00 Playing audio: D:\code\MyBook\bin\Debug\net8.0\Assets\ずっと真夜中でいいのに。 - 君がいて水になる.mp3
2025-11-29T15:30:49.0680044+08:00 Playing audio: D:\code\MyBook\bin\Debug\net8.0\Assets\ずっと真夜中でいいのに。 - 君がいて水になる.mp3
2025-11-29T15:36:25.7698117+08:00 Playing audio: D:\code\MyBook\bin\Debug\net8.0\Assets\ずっと真夜中でいいのに。 - 君がいて水になる.mp3
2025-11-29T15:37:04.5351428+08:00 Playing audio: D:\code\MyBook\bin\Debug\net8.0\Assets\ずっと真夜中でいいのに。 - 君がいて水になる.mp3
2025-11-29T15:39:57.1870345+08:00 Playing audio: D:\code\MyBook\bin\Debug\net8.0\Assets\ずっと真夜中でいいのに。 - 君がいて水になる.mp3
2025-11-29T15:42:27.3096691+08:00 Playing audio: D:\code\MyBook\bin\Debug\net8.0\Assets\ずっと真夜中でいいのに。 - 君がいて水になる.mp3
2025-11-29T15:45:39.6465706+08:00 Playing audio: D:\code\MyBook\bin\Debug\net8.0\Assets\ずっと真夜中でいいのに。 - 君がいて水になる.mp3
2025-11-29T15:48:48.0403254+08:00 Playing audio: D:\code\MyBook\bin\Debug\net8.0\Assets\ずっと真夜中でいいのに。 - 君がいて水になる.mp3
2025-11-29T20:04:03.7106345+08:00 Playing audio: D:\code\MyBook\bin\Debug\net8.0\Assets\ずっと真夜中でいいのに。 - 君がいて水になる.mp3
2025-11-29T20:09:46.3059811+08:00 Playing audio: D:\code\MyBook\bin\Debug\net8.0\Assets\ずっと真夜中でいいのに。 - 君がいて水になる.mp3
2025-11-29T20:12:50.0311389+08:00 Playing audio: D:\code\MyBook\bin\Debug\net8.0\Assets\ずっと真夜中でいいのに。 - 君がいて水になる.mp3
2025-11-29T20:20:47.9866192+08:00 Playing audio: D:\code\MyBook\bin\Debug\net8.0\Assets\ずっと真夜中でいいのに。 - 君がいて水になる.mp3
2025-11-29T20:58:19.1544299+08:00 Playing audio: D:\code\MyBook\bin\Debug\net8.0\Assets\ずっと真夜中でいいのに。 - 君がいて水になる.mp3
2025-11-29T21:00:13.4459887+08:00 Playing audio: D:\code\MyBook\bin\Debug\net8.0\Assets\ずっと真夜中でいいのに。 - 君がいて水になる.mp3
2025-11-29T21:11:57.6052327+08:00 Playing audio: d:\code\MyBook\bin\Debug\net8.0\Assets\ずっと真夜中でいいのに。 - 君がいて水になる.mp3
2025-11-29T21:14:41.7865879+08:00 Playing audio: d:\code\MyBook\bin\Debug\net8.0\Assets\ずっと真夜中でいいのに。 - 君がいて水になる.mp3
2025-11-29T21:19:45.9151512+08:00 Playing audio: D:\code\MyBook\bin\Debug\net8.0\Assets\ずっと真夜中でいいのに。 - 君がいて水になる.mp3
2025-11-29T21:40:14.9406888+08:00 Playing audio: D:\code\MyBook\bin\Debug\net8.0\Assets\ずっと真夜中でいいのに。 - 君がいて水になる.mp3
2025-11-29T21:40:24.5448621+08:00 Audio playback error for D:\code\MyBook\bin\Debug\net8.0\Assets\Dan Salvato - My Confession.mp3: 不支持给定的 URL 的字节流类型。 (0xC00D36C4)
2025-11-29T21:43:00.0605438+08:00 Playing audio: D:\code\MyBook\bin\Debug\net8.0\Assets\ずっと真夜中でいいのに。 - 君がいて水になる.mp3
2025-11-29T21:43:00.1217715+08:00 Audio playback error for D:\code\MyBook\bin\Debug\net8.0\Assets\Dan Salvato - My Confession.mp3: 不支持给定的 URL 的字节流类型。 (0xC00D36C4)
2025-11-29T21:43:01.4820436+08:00 Playing audio: D:\code\MyBook\bin\Debug\net8.0\Assets\ずっと真夜中でいいのに。 - 君がいて水になる.mp3
2025-11-29T21:57:26.4285195+08:00 Playing audio: D:\code\MyBook\bin\Debug\net8.0\Assets\ずっと真夜中でいいのに。 - 君がいて水になる.mp3
2025-11-29T21:57:42.8819258+08:00 Audio playback error for D:\code\MyBook\bin\Debug\net8.0\Assets\Dan Salvato - My Confession.mp3: 不支持给定的 URL 的字节流类型。 (0xC00D36C4)
2025-11-29T21:57:45.0181539+08:00 Playing audio: D:\code\MyBook\bin\Debug\net8.0\Assets\ずっと真夜中でいいのに。 - 君がいて水になる.mp3
2025-11-29T22:10:28.3973854+08:00 Playing audio: D:\code\MyBook\bin\Debug\net8.0\Assets\ずっと真夜中でいいのに。 - 君がいて水になる.mp3
2025-11-29T22:10:28.5153232+08:00 Audio playback error for D:\code\MyBook\bin\Debug\net8.0\Assets\Dan Salvato - My Confession.mp3: 不支持给定的 URL 的字节流类型。 (0xC00D36C4)
2025-11-29T22:30:42.1019004+08:00 Playing audio: D:\code\MyBook\bin\Debug\net8.0\Assets\Cris Velasco - The New World.mp3
2025-11-29T22:30:42.2169166+08:00 Audio playback error for D:\code\MyBook\bin\Debug\net8.0\Assets\Dan Salvato - My Confession.mp3: 不支持给定的 URL 的字节流类型。 (0xC00D36C4)
2025-11-29T22:30:53.0942489+08:00 Playing audio: D:\code\MyBook\bin\Debug\net8.0\Assets\Cris Velasco - The New World.mp3
2025-11-29T22:31:58.3833161+08:00 Playing audio: D:\code\MyBook\bin\Debug\net8.0\Assets\Cris Velasco - The New World.mp3
2025-11-29T22:31:58.4400432+08:00 Audio playback error for D:\code\MyBook\bin\Debug\net8.0\Assets\Dan Salvato - My Confession.mp3: 不支持给定的 URL 的字节流类型。 (0xC00D36C4)
2025-11-29T22:38:38.0194764+08:00 Playing audio: D:\code\MyBook\bin\Debug\net8.0\Assets\Cris Velasco - The New World.mp3
2025-11-29T22:38:38.0683947+08:00 Playing audio: D:\code\MyBook\bin\Debug\net8.0\Assets\花时雨 - KiwiWalks-Tears of despair（七柒灬丿北冥 remix）.mp3
2025-11-29T22:38:59.4456441+08:00 Playing audio: D:\code\MyBook\bin\Debug\net8.0\Assets\Cris Velasco - The New World.mp3
