2025-11-28T18:03:36.1617677+08:00 Data folder resolved to: D:\code\MyBook\bin\Debug\net8.0\Stories
2025-11-28T18:03:36.3661931+08:00 Looking for story file at: D:\code\MyBook\bin\Debug\net8.0\Stories\story_data.json
2025-11-28T18:03:36.3841188+08:00 Loaded story file (D:\code\MyBook\bin\Debug\net8.0\Stories\story_data.json), length=29934
2025-11-28T18:03:36.4617545+08:00 Loaded 1 chapters and 28 nodes from file
2025-11-28T18:03:42.7654205+08:00 Saving story file to: D:\code\MyBook\bin\Debug\net8.0\Stories\story_data.json, bytes=29934
2025-11-28T18:03:42.7697253+08:00 SaveToFileAsync completed successfully
2025-11-28T18:03:42.7709905+08:00 Saving story file to: D:\code\MyBook\bin\Debug\net8.0\Stories\story_data.json, bytes=29934
2025-11-28T18:03:42.7728904+08:00 SaveToFileAsync completed successfully
2025-11-28T18:03:42.7737116+08:00 Saving story file to: D:\code\MyBook\bin\Debug\net8.0\Stories\story_data.json, bytes=29934
2025-11-28T18:03:42.7748940+08:00 SaveToFileAsync completed successfully
2025-11-28T18:03:42.7754909+08:00 Saving story file to: D:\code\MyBook\bin\Debug\net8.0\Stories\story_data.json, bytes=29934
2025-11-28T18:03:42.7764600+08:00 SaveToFileAsync completed successfully
2025-11-28T18:03:42.7771526+08:00 Saving story file to: D:\code\MyBook\bin\Debug\net8.0\Stories\story_data.json, bytes=29934
2025-11-28T18:03:42.7786000+08:00 SaveToFileAsync completed successfully
2025-11-28T18:03:42.7791987+08:00 Saving story file to: D:\code\MyBook\bin\Debug\net8.0\Stories\story_data.json, bytes=29934
2025-11-28T18:03:42.7800281+08:00 SaveToFileAsync completed successfully
2025-11-28T18:03:42.7805971+08:00 Saving story file to: D:\code\MyBook\bin\Debug\net8.0\Stories\story_data.json, bytes=29934
2025-11-28T18:03:42.7814225+08:00 SaveToFileAsync completed successfully
2025-11-28T18:03:42.7819144+08:00 Saving story file to: D:\code\MyBook\bin\Debug\net8.0\Stories\story_data.json, bytes=29934
2025-11-28T18:03:42.7826154+08:00 SaveToFileAsync completed successfully
2025-11-28T18:03:42.7831242+08:00 Saving story file to: D:\code\MyBook\bin\Debug\net8.0\Stories\story_data.json, bytes=29934
2025-11-28T18:03:42.7838445+08:00 SaveToFileAsync completed successfully
2025-11-28T18:03:42.7843704+08:00 Saving story file to: D:\code\MyBook\bin\Debug\net8.0\Stories\story_data.json, bytes=29934
2025-11-28T18:03:42.7851630+08:00 SaveToFileAsync completed successfully
2025-11-28T18:03:42.7856623+08:00 Saving story file to: D:\code\MyBook\bin\Debug\net8.0\Stories\story_data.json, bytes=29934
2025-11-28T18:03:42.7864845+08:00 SaveToFileAsync completed successfully
2025-11-28T18:03:42.7872545+08:00 Saving story file to: D:\code\MyBook\bin\Debug\net8.0\Stories\story_data.json, bytes=29934
2025-11-28T18:03:42.7884952+08:00 SaveToFileAsync completed successfully
2025-11-28T18:03:42.7893251+08:00 Saving story file to: D:\code\MyBook\bin\Debug\net8.0\Stories\story_data.json, bytes=29934
2025-11-28T18:03:42.7911947+08:00 SaveToFileAsync completed successfully
2025-11-28T18:03:42.7990980+08:00 Saving story file to: D:\code\MyBook\bin\Debug\net8.0\Stories\story_data.json, bytes=29934
2025-11-28T18:03:42.8000979+08:00 SaveToFileAsync completed successfully
2025-11-28T18:03:42.8006326+08:00 Saving story file to: D:\code\MyBook\bin\Debug\net8.0\Stories\story_data.json, bytes=29934
2025-11-28T18:03:42.8013058+08:00 SaveToFileAsync completed successfully
2025-11-28T18:03:42.8018583+08:00 Saving story file to: D:\code\MyBook\bin\Debug\net8.0\Stories\story_data.json, bytes=29934
2025-11-28T18:03:42.8041060+08:00 SaveToFileAsync completed successfully
2025-11-28T18:03:42.8053643+08:00 Saving story file to: D:\code\MyBook\bin\Debug\net8.0\Stories\story_data.json, bytes=29934
2025-11-28T18:03:42.8068787+08:00 SaveToFileAsync completed successfully
2025-11-28T18:03:42.8080666+08:00 Saving story file to: D:\code\MyBook\bin\Debug\net8.0\Stories\story_data.json, bytes=29934
2025-11-28T18:03:42.8104794+08:00 SaveToFileAsync completed successfully
2025-11-28T18:03:42.8112856+08:00 Saving story file to: D:\code\MyBook\bin\Debug\net8.0\Stories\story_data.json, bytes=29934
2025-11-28T18:03:42.8124205+08:00 SaveToFileAsync completed successfully
2025-11-28T18:03:42.8131222+08:00 Saving story file to: D:\code\MyBook\bin\Debug\net8.0\Stories\story_data.json, bytes=29934
2025-11-28T18:03:42.8139874+08:00 SaveToFileAsync completed successfully
2025-11-28T18:03:42.8145385+08:00 Saving story file to: D:\code\MyBook\bin\Debug\net8.0\Stories\story_data.json, bytes=29934
2025-11-28T18:03:42.8154187+08:00 SaveToFileAsync completed successfully
2025-11-28T18:03:42.8159893+08:00 Saving story file to: D:\code\MyBook\bin\Debug\net8.0\Stories\story_data.json, bytes=29934
2025-11-28T18:03:42.8169095+08:00 SaveToFileAsync completed successfully
2025-11-28T18:03:42.8175037+08:00 Saving story file to: D:\code\MyBook\bin\Debug\net8.0\Stories\story_data.json, bytes=29934
2025-11-28T18:03:42.8183893+08:00 SaveToFileAsync completed successfully
2025-11-28T18:03:42.8189895+08:00 Saving story file to: D:\code\MyBook\bin\Debug\net8.0\Stories\story_data.json, bytes=29934
2025-11-28T18:03:42.8199174+08:00 SaveToFileAsync completed successfully
2025-11-28T18:03:42.8205149+08:00 Saving story file to: D:\code\MyBook\bin\Debug\net8.0\Stories\story_data.json, bytes=29934
2025-11-28T18:03:42.8214466+08:00 SaveToFileAsync completed successfully
2025-11-28T18:03:42.8223489+08:00 Saving story file to: D:\code\MyBook\bin\Debug\net8.0\Stories\story_data.json, bytes=29934
2025-11-28T18:03:42.8236054+08:00 SaveToFileAsync completed successfully
2025-11-28T18:03:42.8243451+08:00 Saving story file to: D:\code\MyBook\bin\Debug\net8.0\Stories\story_data.json, bytes=29934
2025-11-28T18:03:42.8252078+08:00 SaveToFileAsync completed successfully
2025-11-28T18:03:42.8256962+08:00 Saving story file to: D:\code\MyBook\bin\Debug\net8.0\Stories\story_data.json, bytes=29934
2025-11-28T18:03:42.8264062+08:00 SaveToFileAsync completed successfully
2025-11-28T18:03:42.8277900+08:00 Saving story file to: D:\code\MyBook\bin\Debug\net8.0\Stories\story_data.json, bytes=29934
2025-11-28T18:03:42.8289380+08:00 SaveToFileAsync completed successfully
2025-11-28T18:04:26.6319600+08:00 Saving story file to: D:\code\MyBook\bin\Debug\net8.0\Stories\story_data.json, bytes=29934
2025-11-28T18:04:26.6344754+08:00 SaveToFileAsync completed successfully
2025-11-28T18:04:26.6352327+08:00 Saving story file to: D:\code\MyBook\bin\Debug\net8.0\Stories\story_data.json, bytes=29934
2025-11-28T18:04:26.6365123+08:00 SaveToFileAsync completed successfully
2025-11-28T18:04:26.6373441+08:00 Saving story file to: D:\code\MyBook\bin\Debug\net8.0\Stories\story_data.json, bytes=29934
2025-11-28T18:04:26.6391086+08:00 SaveToFileAsync completed successfully
2025-11-28T18:04:26.6406290+08:00 Saving story file to: D:\code\MyBook\bin\Debug\net8.0\Stories\story_data.json, bytes=29934
2025-11-28T18:04:26.6417388+08:00 SaveToFileAsync completed successfully
2025-11-28T18:04:26.6423859+08:00 Saving story file to: D:\code\MyBook\bin\Debug\net8.0\Stories\story_data.json, bytes=29934
2025-11-28T18:04:26.6432541+08:00 SaveToFileAsync completed successfully
2025-11-28T18:04:26.6439220+08:00 Saving story file to: D:\code\MyBook\bin\Debug\net8.0\Stories\story_data.json, bytes=29934
2025-11-28T18:04:26.6449370+08:00 SaveToFileAsync completed successfully
2025-11-28T18:04:26.6455523+08:00 Saving story file to: D:\code\MyBook\bin\Debug\net8.0\Stories\story_data.json, bytes=29934
2025-11-28T18:04:26.6463792+08:00 SaveToFileAsync completed successfully
2025-11-28T18:04:26.6469980+08:00 Saving story file to: D:\code\MyBook\bin\Debug\net8.0\Stories\story_data.json, bytes=29934
2025-11-28T18:04:26.6479125+08:00 SaveToFileAsync completed successfully
2025-11-28T18:04:26.6519946+08:00 Saving story file to: D:\code\MyBook\bin\Debug\net8.0\Stories\story_data.json, bytes=29934
2025-11-28T18:04:26.6532159+08:00 SaveToFileAsync completed successfully
2025-11-28T18:04:26.6541084+08:00 Saving story file to: D:\code\MyBook\bin\Debug\net8.0\Stories\story_data.json, bytes=29934
2025-11-28T18:04:26.6565083+08:00 SaveToFileAsync completed successfully
2025-11-28T18:04:26.6578309+08:00 Saving story file to: D:\code\MyBook\bin\Debug\net8.0\Stories\story_data.json, bytes=29934
2025-11-28T18:04:26.6593631+08:00 SaveToFileAsync completed successfully
2025-11-28T18:04:26.6601183+08:00 Saving story file to: D:\code\MyBook\bin\Debug\net8.0\Stories\story_data.json, bytes=29934
2025-11-28T18:04:26.6612573+08:00 SaveToFileAsync completed successfully
2025-11-28T18:04:26.6618902+08:00 Saving story file to: D:\code\MyBook\bin\Debug\net8.0\Stories\story_data.json, bytes=29934
2025-11-28T18:04:26.6627790+08:00 SaveToFileAsync completed successfully
2025-11-28T18:04:26.6635524+08:00 Saving story file to: D:\code\MyBook\bin\Debug\net8.0\Stories\story_data.json, bytes=29934
2025-11-28T18:04:26.6645391+08:00 SaveToFileAsync completed successfully
2025-11-28T18:04:26.6653549+08:00 Saving story file to: D:\code\MyBook\bin\Debug\net8.0\Stories\story_data.json, bytes=29934
2025-11-28T18:04:26.6662501+08:00 SaveToFileAsync completed successfully
2025-11-28T18:04:26.6668678+08:00 Saving story file to: D:\code\MyBook\bin\Debug\net8.0\Stories\story_data.json, bytes=29934
2025-11-28T18:04:26.6677924+08:00 SaveToFileAsync completed successfully
2025-11-28T18:04:26.6684476+08:00 Saving story file to: D:\code\MyBook\bin\Debug\net8.0\Stories\story_data.json, bytes=29934
2025-11-28T18:04:26.6692159+08:00 SaveToFileAsync completed successfully
2025-11-28T18:04:26.6699018+08:00 Saving story file to: D:\code\MyBook\bin\Debug\net8.0\Stories\story_data.json, bytes=29934
2025-11-28T18:04:26.6708162+08:00 SaveToFileAsync completed successfully
2025-11-28T18:04:26.6716847+08:00 Saving story file to: D:\code\MyBook\bin\Debug\net8.0\Stories\story_data.json, bytes=29934
2025-11-28T18:04:26.6731644+08:00 SaveToFileAsync completed successfully
2025-11-28T18:04:26.6738450+08:00 Saving story file to: D:\code\MyBook\bin\Debug\net8.0\Stories\story_data.json, bytes=29934
2025-11-28T18:04:26.6746745+08:00 SaveToFileAsync completed successfully
2025-11-28T18:04:26.6752317+08:00 Saving story file to: D:\code\MyBook\bin\Debug\net8.0\Stories\story_data.json, bytes=29934
2025-11-28T18:04:26.6760616+08:00 SaveToFileAsync completed successfully
2025-11-28T18:04:26.6766236+08:00 Saving story file to: D:\code\MyBook\bin\Debug\net8.0\Stories\story_data.json, bytes=29934
2025-11-28T18:04:26.6773633+08:00 SaveToFileAsync completed successfully
2025-11-28T18:04:26.6779479+08:00 Saving story file to: D:\code\MyBook\bin\Debug\net8.0\Stories\story_data.json, bytes=29934
2025-11-28T18:04:26.6787243+08:00 SaveToFileAsync completed successfully
2025-11-28T18:04:26.6793129+08:00 Saving story file to: D:\code\MyBook\bin\Debug\net8.0\Stories\story_data.json, bytes=29934
2025-11-28T18:04:26.6802915+08:00 SaveToFileAsync completed successfully
2025-11-28T18:04:26.6809985+08:00 Saving story file to: D:\code\MyBook\bin\Debug\net8.0\Stories\story_data.json, bytes=29934
2025-11-28T18:04:26.6819274+08:00 SaveToFileAsync completed successfully
2025-11-28T18:04:26.6824635+08:00 Saving story file to: D:\code\MyBook\bin\Debug\net8.0\Stories\story_data.json, bytes=29934
2025-11-28T18:04:26.6831925+08:00 SaveToFileAsync completed successfully
2025-11-28T18:04:26.6837162+08:00 Saving story file to: D:\code\MyBook\bin\Debug\net8.0\Stories\story_data.json, bytes=29934
2025-11-28T18:04:26.6844613+08:00 SaveToFileAsync completed successfully
2025-11-28T18:04:26.6849220+08:00 Saving story file to: D:\code\MyBook\bin\Debug\net8.0\Stories\story_data.json, bytes=29934
2025-11-28T18:04:26.6856033+08:00 SaveToFileAsync completed successfully
2025-11-28T18:04:26.6861820+08:00 Saving story file to: D:\code\MyBook\bin\Debug\net8.0\Stories\story_data.json, bytes=29934
2025-11-28T18:04:26.6878946+08:00 SaveToFileAsync completed successfully
2025-11-28T18:04:31.2818031+08:00 Saving story file to: D:\code\MyBook\bin\Debug\net8.0\Stories\story_data.json, bytes=29934
2025-11-28T18:04:31.2832264+08:00 SaveToFileAsync completed successfully
2025-11-28T18:04:33.4914451+08:00 Saving story file to: D:\code\MyBook\bin\Debug\net8.0\Stories\story_data.json, bytes=29934
2025-11-28T18:04:33.4933420+08:00 SaveToFileAsync completed successfully
2025-11-28T18:04:34.4432333+08:00 Saving story file to: D:\code\MyBook\bin\Debug\net8.0\Stories\story_data.json, bytes=29934
2025-11-28T18:04:34.4445639+08:00 SaveToFileAsync completed successfully
