2025-11-28T18:23:10.8360591+08:00 Using project-level Stories folder: D:\code\MyBook\Stories
2025-11-28T18:23:12.1687688+08:00 Using project-level Stories folder: D:\code\MyBook\Stories
2025-11-28T18:23:12.3782256+08:00 Looking for story file at: D:\code\MyBook\Stories\story_data.json
2025-11-28T18:23:12.3923630+08:00 Loaded story file (D:\code\MyBook\Stories\story_data.json), length=38
2025-11-28T18:23:12.4542859+08:00 Loaded 0 chapters and 0 nodes from file
2025-11-28T18:23:28.3115751+08:00 Saving story file to: D:\code\MyBook\Stories\story_data.json, bytes=210
2025-11-28T18:23:28.3230924+08:00 SaveToFileAsync completed successfully
2025-11-28T18:23:28.3242449+08:00 Also wrote project copy to: D:\code\MyBook\Stories\story_data.json
2025-11-28T18:23:31.8805619+08:00 Saving story file to: D:\code\MyBook\Stories\story_data.json, bytes=29690
2025-11-28T18:23:31.8924521+08:00 SaveToFileAsync completed successfully
2025-11-28T18:23:31.8936496+08:00 Also wrote project copy to: D:\code\MyBook\Stories\story_data.json
2025-11-28T18:23:35.0307605+08:00 Saving story file to: D:\code\MyBook\Stories\story_data.json, bytes=29934
2025-11-28T18:23:35.0338744+08:00 SaveToFileAsync completed successfully
2025-11-28T18:23:35.0364401+08:00 Also wrote project copy to: D:\code\MyBook\Stories\story_data.json
2025-11-28T18:23:37.4904400+08:00 Saving story file to: D:\code\MyBook\Stories\story_data.json, bytes=29934
2025-11-28T18:23:37.4917810+08:00 SaveToFileAsync completed successfully
2025-11-28T18:23:37.4927401+08:00 Also wrote project copy to: D:\code\MyBook\Stories\story_data.json
2025-11-28T18:23:57.5889939+08:00 Using project-level Stories folder: D:\code\MyBook\Stories
2025-11-28T18:23:59.2393091+08:00 Using project-level Stories folder: D:\code\MyBook\Stories
2025-11-28T18:24:01.0473026+08:00 Using project-level Stories folder: D:\code\MyBook\Stories
2025-11-28T18:28:14.3649077+08:00 Using project-level Stories folder: D:\code\MyBook\Stories
2025-11-28T18:28:14.3699987+08:00 Looking for story file at: D:\code\MyBook\Stories\story_data.json
2025-11-28T18:28:14.3835464+08:00 Loaded story file (D:\code\MyBook\Stories\story_data.json), length=29934
2025-11-28T18:28:14.4614716+08:00 Loaded 1 chapters and 28 nodes from file
2025-11-28T18:28:16.4867926+08:00 Looking for story file at: D:\code\MyBook\Stories\story_data.json
2025-11-28T18:28:16.5029158+08:00 Loaded story file (D:\code\MyBook\Stories\story_data.json), length=29934
2025-11-28T18:28:16.5046680+08:00 Loaded 1 chapters and 28 nodes from file
2025-11-28T18:59:48.7139668+08:00 Using project-level Stories folder: D:\code\MyBook\Stories
2025-11-28T18:59:48.7194476+08:00 Looking for story file at: D:\code\MyBook\Stories\story_data.json
2025-11-28T18:59:48.7380669+08:00 Loaded story file (D:\code\MyBook\Stories\story_data.json), length=29934
2025-11-28T18:59:48.8192116+08:00 Loaded 1 chapters and 28 nodes from file
2025-11-28T18:59:49.9998875+08:00 Looking for story file at: D:\code\MyBook\Stories\story_data.json
2025-11-28T18:59:50.0236547+08:00 Loaded story file (D:\code\MyBook\Stories\story_data.json), length=29934
2025-11-28T18:59:50.0246940+08:00 Loaded 1 chapters and 28 nodes from file
2025-11-28T19:13:54.3742245+08:00 Using project-level Stories folder: D:\code\MyBook\Stories
2025-11-28T19:13:54.3897895+08:00 Looking for story file at: D:\code\MyBook\Stories\story_data.json
2025-11-28T19:13:54.4054616+08:00 Loaded story file (D:\code\MyBook\Stories\story_data.json), length=29934
2025-11-28T19:13:54.4978971+08:00 Loaded 1 chapters and 28 nodes from file
2025-11-28T19:13:55.8501724+08:00 Looking for story file at: D:\code\MyBook\Stories\story_data.json
2025-11-28T19:13:55.8699242+08:00 Loaded story file (D:\code\MyBook\Stories\story_data.json), length=29934
2025-11-28T19:13:55.8713458+08:00 Loaded 1 chapters and 28 nodes from file
2025-11-28T19:16:46.5820839+08:00 Using project-level Stories folder: D:\code\MyBook\Stories
2025-11-28T19:16:46.5898791+08:00 Looking for story file at: D:\code\MyBook\Stories\story_data.json
2025-11-28T19:16:46.6058938+08:00 Loaded story file (D:\code\MyBook\Stories\story_data.json), length=29934
2025-11-28T19:16:46.6797989+08:00 Loaded 1 chapters and 28 nodes from file
2025-11-28T19:16:48.0167733+08:00 Looking for story file at: D:\code\MyBook\Stories\story_data.json
2025-11-28T19:16:48.0369260+08:00 Loaded story file (D:\code\MyBook\Stories\story_data.json), length=29934
2025-11-28T19:16:48.0385457+08:00 Loaded 1 chapters and 28 nodes from file
2025-11-28T19:17:55.9127993+08:00 Using project-level Stories folder: D:\code\MyBook\Stories
2025-11-28T19:17:56.1638529+08:00 Looking for story file at: D:\code\MyBook\Stories\story_data.json
2025-11-28T19:17:56.1796238+08:00 Loaded story file (D:\code\MyBook\Stories\story_data.json), length=29934
2025-11-28T19:17:56.2548289+08:00 Loaded 1 chapters and 28 nodes from file
2025-11-28T19:18:00.5793447+08:00 Saving story file to: D:\code\MyBook\Stories\story_data.json, bytes=29934
2025-11-28T19:18:00.5840084+08:00 SaveToFileAsync completed successfully
2025-11-28T19:18:00.5855505+08:00 Also wrote project copy to: D:\code\MyBook\Stories\story_data.json
2025-11-28T19:18:04.2297715+08:00 Saving story file to: D:\code\MyBook\Stories\story_data.json, bytes=29934
2025-11-28T19:18:04.2335844+08:00 SaveToFileAsync completed successfully
2025-11-28T19:18:04.2349928+08:00 Also wrote project copy to: D:\code\MyBook\Stories\story_data.json
2025-11-28T19:18:10.8572223+08:00 Saving story file to: D:\code\MyBook\Stories\story_data.json, bytes=29934
2025-11-28T19:18:10.8597165+08:00 SaveToFileAsync completed successfully
2025-11-28T19:18:10.8609961+08:00 Also wrote project copy to: D:\code\MyBook\Stories\story_data.json
2025-11-28T19:18:14.2936856+08:00 Saving story file to: D:\code\MyBook\Stories\story_data.json, bytes=29934
2025-11-28T19:18:14.2951836+08:00 SaveToFileAsync completed successfully
2025-11-28T19:18:14.2965146+08:00 Also wrote project copy to: D:\code\MyBook\Stories\story_data.json
2025-11-28T19:28:34.2294153+08:00 Using project-level Stories folder: D:\code\MyBook\Stories
2025-11-28T19:28:34.2374670+08:00 Looking for story file at: D:\code\MyBook\Stories\story_data.json
2025-11-28T19:28:34.2514243+08:00 Loaded story file (D:\code\MyBook\Stories\story_data.json), length=29934
2025-11-28T19:28:34.3285671+08:00 Loaded 1 chapters and 28 nodes from file
2025-11-28T19:28:35.7381854+08:00 Looking for story file at: D:\code\MyBook\Stories\story_data.json
2025-11-28T19:28:35.7557622+08:00 Loaded story file (D:\code\MyBook\Stories\story_data.json), length=29934
2025-11-28T19:28:35.7571203+08:00 Loaded 1 chapters and 28 nodes from file
2025-11-28T19:32:00.8041256+08:00 Using project-level Stories folder: D:\code\MyBook\Stories
2025-11-28T19:32:00.8087667+08:00 Looking for story file at: D:\code\MyBook\Stories\story_data.json
2025-11-28T19:32:00.8232251+08:00 Loaded story file (D:\code\MyBook\Stories\story_data.json), length=29934
2025-11-28T19:32:00.9000124+08:00 Loaded 1 chapters and 28 nodes from file
2025-11-28T19:32:02.2913052+08:00 Looking for story file at: D:\code\MyBook\Stories\story_data.json
2025-11-28T19:32:02.3152883+08:00 Loaded story file (D:\code\MyBook\Stories\story_data.json), length=29934
2025-11-28T19:32:02.3170017+08:00 Loaded 1 chapters and 28 nodes from file
2025-11-28T19:32:54.0544471+08:00 Using project-level Stories folder: D:\code\MyBook\Stories
2025-11-28T19:32:54.0692497+08:00 Looking for story file at: D:\code\MyBook\Stories\story_data.json
2025-11-28T19:32:54.0863587+08:00 Loaded story file (D:\code\MyBook\Stories\story_data.json), length=29934
2025-11-28T19:32:54.1616147+08:00 Loaded 1 chapters and 28 nodes from file
2025-11-28T19:32:55.5312381+08:00 Looking for story file at: D:\code\MyBook\Stories\story_data.json
2025-11-28T19:32:55.5521842+08:00 Loaded story file (D:\code\MyBook\Stories\story_data.json), length=29934
2025-11-28T19:32:55.5535544+08:00 Loaded 1 chapters and 28 nodes from file
2025-11-28T19:37:51.7419915+08:00 Using project-level Stories folder: D:\code\MyBook\Stories
2025-11-28T19:37:51.9489579+08:00 Looking for story file at: D:\code\MyBook\Stories\story_data.json
2025-11-28T19:37:51.9732076+08:00 Loaded story file (D:\code\MyBook\Stories\story_data.json), length=29934
2025-11-28T19:37:52.0660383+08:00 Loaded 1 chapters and 28 nodes from file
2025-11-28T19:37:56.9457506+08:00 Saving story file to: D:\code\MyBook\Stories\story_data.json, bytes=29929
2025-11-28T19:37:56.9523938+08:00 SaveToFileAsync completed successfully
2025-11-28T19:37:56.9544936+08:00 Also wrote project copy to: D:\code\MyBook\Stories\story_data.json
2025-11-28T19:37:57.8288560+08:00 Saving story file to: D:\code\MyBook\Stories\story_data.json, bytes=29929
2025-11-28T19:37:57.8311803+08:00 SaveToFileAsync completed successfully
2025-11-28T19:37:57.8326778+08:00 Also wrote project copy to: D:\code\MyBook\Stories\story_data.json
2025-11-28T19:38:04.9477252+08:00 Using project-level Stories folder: D:\code\MyBook\Stories
2025-11-28T19:38:04.9528274+08:00 Looking for story file at: D:\code\MyBook\Stories\story_data.json
2025-11-28T19:38:04.9662891+08:00 Loaded story file (D:\code\MyBook\Stories\story_data.json), length=29929
2025-11-28T19:38:05.0306494+08:00 Loaded 1 chapters and 28 nodes from file
2025-11-28T19:38:06.3990169+08:00 Looking for story file at: D:\code\MyBook\Stories\story_data.json
2025-11-28T19:38:06.4148643+08:00 Loaded story file (D:\code\MyBook\Stories\story_data.json), length=29929
2025-11-28T19:38:06.4162451+08:00 Loaded 1 chapters and 28 nodes from file
2025-11-28T19:56:10.2380588+08:00 Using project-level Stories folder: D:\code\MyBook\Stories
2025-11-28T19:56:10.2438724+08:00 Looking for story file at: D:\code\MyBook\Stories\story_data.json
2025-11-28T19:56:10.2593276+08:00 Loaded story file (D:\code\MyBook\Stories\story_data.json), length=29929
2025-11-28T19:56:10.3041435+08:00 Loaded 1 chapters and 28 nodes from file
2025-11-28T19:56:11.5852892+08:00 Looking for story file at: D:\code\MyBook\Stories\story_data.json
2025-11-28T19:56:11.6015675+08:00 Loaded story file (D:\code\MyBook\Stories\story_data.json), length=29929
2025-11-28T19:56:11.6024832+08:00 Loaded 1 chapters and 28 nodes from file
2025-11-28T19:57:00.3864617+08:00 Using project-level Stories folder: D:\code\MyBook\Stories
2025-11-28T19:57:00.3921815+08:00 Looking for story file at: D:\code\MyBook\Stories\story_data.json
2025-11-28T19:57:00.4032582+08:00 Loaded story file (D:\code\MyBook\Stories\story_data.json), length=29929
2025-11-28T19:57:00.4769656+08:00 Loaded 1 chapters and 28 nodes from file
2025-11-28T19:57:02.5659849+08:00 Looking for story file at: D:\code\MyBook\Stories\story_data.json
2025-11-28T19:57:02.5818801+08:00 Loaded story file (D:\code\MyBook\Stories\story_data.json), length=29929
2025-11-28T19:57:02.5830268+08:00 Loaded 1 chapters and 28 nodes from file
2025-11-28T19:58:04.4684709+08:00 Using project-level Stories folder: D:\code\MyBook\Stories
2025-11-28T19:58:04.6794504+08:00 Looking for story file at: D:\code\MyBook\Stories\story_data.json
2025-11-28T19:58:04.6995694+08:00 Loaded story file (D:\code\MyBook\Stories\story_data.json), length=29929
2025-11-28T19:58:04.7784970+08:00 Loaded 1 chapters and 28 nodes from file
2025-11-28T19:58:09.3964748+08:00 Saving story file to: D:\code\MyBook\Stories\story_data.json, bytes=29927
2025-11-28T19:58:09.4047519+08:00 SaveToFileAsync completed successfully
2025-11-28T19:58:09.4070856+08:00 Also wrote project copy to: D:\code\MyBook\Stories\story_data.json
2025-11-28T19:58:10.7815597+08:00 Saving story file to: D:\code\MyBook\Stories\story_data.json, bytes=29927
2025-11-28T19:58:10.7835832+08:00 SaveToFileAsync completed successfully
2025-11-28T19:58:10.7851448+08:00 Also wrote project copy to: D:\code\MyBook\Stories\story_data.json
2025-11-28T19:58:16.1659754+08:00 Using project-level Stories folder: D:\code\MyBook\Stories
2025-11-28T19:58:16.1709965+08:00 Looking for story file at: D:\code\MyBook\Stories\story_data.json
2025-11-28T19:58:16.1843345+08:00 Loaded story file (D:\code\MyBook\Stories\story_data.json), length=29927
2025-11-28T19:58:16.2515332+08:00 Loaded 1 chapters and 28 nodes from file
2025-11-28T19:58:17.4011959+08:00 Looking for story file at: D:\code\MyBook\Stories\story_data.json
2025-11-28T19:58:17.4236243+08:00 Loaded story file (D:\code\MyBook\Stories\story_data.json), length=29927
2025-11-28T19:58:17.4250561+08:00 Loaded 1 chapters and 28 nodes from file
2025-11-28T20:01:58.6242061+08:00 Using project-level Stories folder: D:\code\MyBook\Stories
2025-11-28T20:01:58.6290956+08:00 Looking for story file at: D:\code\MyBook\Stories\story_data.json
2025-11-28T20:01:58.6410439+08:00 Loaded story file (D:\code\MyBook\Stories\story_data.json), length=29927
2025-11-28T20:01:58.6888345+08:00 Loaded 1 chapters and 28 nodes from file
2025-11-28T20:01:59.9495545+08:00 Looking for story file at: D:\code\MyBook\Stories\story_data.json
2025-11-28T20:01:59.9745061+08:00 Loaded story file (D:\code\MyBook\Stories\story_data.json), length=29927
2025-11-28T20:01:59.9758090+08:00 Loaded 1 chapters and 28 nodes from file
2025-11-28T20:04:44.0050400+08:00 Using project-level Stories folder: D:\code\MyBook\Stories
2025-11-28T20:04:44.2285773+08:00 Looking for story file at: D:\code\MyBook\Stories\story_data.json
2025-11-28T20:04:44.2421865+08:00 Loaded story file (D:\code\MyBook\Stories\story_data.json), length=29927
2025-11-28T20:04:44.3219941+08:00 Loaded 1 chapters and 28 nodes from file
2025-11-28T20:14:15.2280527+08:00 Using project-level Stories folder: D:\code\MyBook\Stories
2025-11-28T20:14:15.2335052+08:00 Looking for story file at: D:\code\MyBook\Stories\story_data.json
2025-11-28T20:14:15.2493532+08:00 Loaded story file (D:\code\MyBook\Stories\story_data.json), length=29927
2025-11-28T20:14:15.3261715+08:00 Loaded 1 chapters and 28 nodes from file
2025-11-28T20:14:16.6610844+08:00 Looking for story file at: D:\code\MyBook\Stories\story_data.json
2025-11-28T20:14:16.6753636+08:00 Loaded story file (D:\code\MyBook\Stories\story_data.json), length=29927
2025-11-28T20:14:16.6767562+08:00 Loaded 1 chapters and 28 nodes from file
2025-11-28T20:26:52.3547301+08:00 Using project-level Stories folder: D:\code\MyBook\Stories
2025-11-28T20:26:52.3602786+08:00 Looking for story file at: D:\code\MyBook\Stories\story_data.json
2025-11-28T20:26:52.3740581+08:00 Loaded story file (D:\code\MyBook\Stories\story_data.json), length=29927
2025-11-28T20:26:52.4445087+08:00 Loaded 1 chapters and 28 nodes from file
2025-11-28T20:26:53.6217727+08:00 Looking for story file at: D:\code\MyBook\Stories\story_data.json
2025-11-28T20:26:53.6391207+08:00 Loaded story file (D:\code\MyBook\Stories\story_data.json), length=29927
2025-11-28T20:26:53.6403358+08:00 Loaded 1 chapters and 28 nodes from file
2025-11-28T21:52:29.6241502+08:00 Using project-level Stories folder: D:\code\MyBook\Stories
2025-11-28T21:52:29.8317530+08:00 Looking for story file at: D:\code\MyBook\Stories\story_data.json
2025-11-28T21:52:29.8516502+08:00 Loaded story file (D:\code\MyBook\Stories\story_data.json), length=29927
2025-11-28T21:52:29.9273581+08:00 Loaded 1 chapters and 28 nodes from file
2025-11-28T21:52:55.9111317+08:00 Using project-level Stories folder: D:\code\MyBook\Stories
2025-11-28T21:52:55.9161043+08:00 Looking for story file at: D:\code\MyBook\Stories\story_data.json
2025-11-28T21:52:55.9269880+08:00 Loaded story file (D:\code\MyBook\Stories\story_data.json), length=29927
2025-11-28T21:52:55.9926656+08:00 Loaded 1 chapters and 28 nodes from file
2025-11-28T21:52:55.9933968+08:00 Looking for story file at: D:\code\MyBook\Stories\story_data.json
2025-11-28T21:52:55.9991046+08:00 Loaded story file (D:\code\MyBook\Stories\story_data.json), length=29927
2025-11-28T21:52:55.9998184+08:00 Loaded 1 chapters and 28 nodes from file
2025-11-28T21:52:57.9657082+08:00 Looking for story file at: D:\code\MyBook\Stories\story_data.json
2025-11-28T21:52:57.9824434+08:00 Loaded story file (D:\code\MyBook\Stories\story_data.json), length=29927
2025-11-28T21:52:57.9838167+08:00 Loaded 1 chapters and 28 nodes from file
2025-11-28T21:53:22.4809026+08:00 Using project-level Stories folder: D:\code\MyBook\Stories
2025-11-28T21:53:22.4854133+08:00 Looking for story file at: D:\code\MyBook\Stories\story_data.json
2025-11-28T21:53:22.4965752+08:00 Loaded story file (D:\code\MyBook\Stories\story_data.json), length=29927
2025-11-28T21:53:22.5596447+08:00 Loaded 1 chapters and 28 nodes from file
2025-11-28T21:53:22.5601550+08:00 Looking for story file at: D:\code\MyBook\Stories\story_data.json
2025-11-28T21:53:22.5615372+08:00 Loaded story file (D:\code\MyBook\Stories\story_data.json), length=29927
2025-11-28T21:53:22.5622061+08:00 Loaded 1 chapters and 28 nodes from file
2025-11-28T21:53:23.5771254+08:00 Looking for story file at: D:\code\MyBook\Stories\story_data.json
2025-11-28T21:53:23.5914995+08:00 Loaded story file (D:\code\MyBook\Stories\story_data.json), length=29927
2025-11-28T21:53:23.5925744+08:00 Loaded 1 chapters and 28 nodes from file
2025-11-28T22:04:23.9302252+08:00 Using project-level Stories folder: D:\code\MyBook\Stories
2025-11-28T22:04:23.9408843+08:00 Looking for story file at: D:\code\MyBook\Stories\story_data.json
2025-11-28T22:04:23.9617410+08:00 Loaded story file (D:\code\MyBook\Stories\story_data.json), length=29927
2025-11-28T22:04:24.0526099+08:00 Loaded 1 chapters and 28 nodes from file
2025-11-28T22:04:24.0535621+08:00 Looking for story file at: D:\code\MyBook\Stories\story_data.json
2025-11-28T22:04:24.0555175+08:00 Loaded story file (D:\code\MyBook\Stories\story_data.json), length=29927
2025-11-28T22:04:24.0563731+08:00 Loaded 1 chapters and 28 nodes from file
2025-11-28T22:04:25.3117895+08:00 Looking for story file at: D:\code\MyBook\Stories\story_data.json
2025-11-28T22:04:25.3376375+08:00 Loaded story file (D:\code\MyBook\Stories\story_data.json), length=29927
2025-11-28T22:04:25.3391927+08:00 Loaded 1 chapters and 28 nodes from file
2025-11-29T14:29:18.6921110+08:00 Using project-level Stories folder: D:\code\MyBook\Stories
2025-11-29T14:29:18.8978546+08:00 Looking for story file at: D:\code\MyBook\Stories\story_data.json
2025-11-29T14:29:18.9224037+08:00 Loaded story file (D:\code\MyBook\Stories\story_data.json), length=29927
2025-11-29T14:29:18.9991784+08:00 Loaded 1 chapters and 28 nodes from file
2025-11-29T14:29:57.8107308+08:00 Saving story file to: D:\code\MyBook\Stories\story_data.json, bytes=37431
2025-11-29T14:29:57.8143719+08:00 SaveToFileAsync completed successfully
2025-11-29T14:29:57.8155644+08:00 Also wrote project copy to: D:\code\MyBook\Stories\story_data.json
2025-11-29T14:41:09.5272509+08:00 Saving story file to: D:\code\MyBook\Stories\story_data.json, bytes=37579
2025-11-29T14:41:09.5659586+08:00 SaveToFileAsync completed successfully
2025-11-29T14:41:09.5676703+08:00 Also wrote project copy to: D:\code\MyBook\Stories\story_data.json
2025-11-29T14:41:32.0665741+08:00 Saving story file to: D:\code\MyBook\Stories\story_data.json, bytes=37579
2025-11-29T14:41:32.0679962+08:00 SaveToFileAsync completed successfully
2025-11-29T14:41:32.0689171+08:00 Also wrote project copy to: D:\code\MyBook\Stories\story_data.json
2025-11-29T14:41:51.0105009+08:00 Using project-level Stories folder: D:\code\MyBook\Stories
2025-11-29T14:41:51.0151471+08:00 Looking for story file at: D:\code\MyBook\Stories\story_data.json
2025-11-29T14:41:51.0616965+08:00 Loaded story file (D:\code\MyBook\Stories\story_data.json), length=37579
2025-11-29T14:41:51.1259560+08:00 Loaded 2 chapters and 50 nodes from file
2025-11-29T14:41:51.1265976+08:00 Looking for story file at: D:\code\MyBook\Stories\story_data.json
2025-11-29T14:41:51.1289218+08:00 Loaded story file (D:\code\MyBook\Stories\story_data.json), length=37579
2025-11-29T14:41:51.1297188+08:00 Loaded 2 chapters and 50 nodes from file
2025-11-29T14:41:52.5497913+08:00 Looking for story file at: D:\code\MyBook\Stories\story_data.json
2025-11-29T14:41:52.5614413+08:00 Loaded story file (D:\code\MyBook\Stories\story_data.json), length=37579
2025-11-29T14:41:52.5631042+08:00 Loaded 2 chapters and 50 nodes from file
2025-11-29T14:42:11.0967004+08:00 Using project-level Stories folder: D:\code\MyBook\Stories
2025-11-29T14:42:11.1006911+08:00 Looking for story file at: D:\code\MyBook\Stories\story_data.json
2025-11-29T14:42:11.1117422+08:00 Loaded story file (D:\code\MyBook\Stories\story_data.json), length=37579
2025-11-29T14:42:11.1792246+08:00 Loaded 2 chapters and 50 nodes from file
2025-11-29T14:42:11.1798192+08:00 Looking for story file at: D:\code\MyBook\Stories\story_data.json
2025-11-29T14:42:11.1807664+08:00 Loaded story file (D:\code\MyBook\Stories\story_data.json), length=37579
2025-11-29T14:42:11.1814007+08:00 Loaded 2 chapters and 50 nodes from file
2025-11-29T14:42:13.1962749+08:00 Looking for story file at: D:\code\MyBook\Stories\story_data.json
2025-11-29T14:42:13.2097931+08:00 Loaded story file (D:\code\MyBook\Stories\story_data.json), length=37579
2025-11-29T14:42:13.2112285+08:00 Loaded 2 chapters and 50 nodes from file
2025-11-29T14:42:20.4289333+08:00 Using project-level Stories folder: D:\code\MyBook\Stories
2025-11-29T14:42:20.4332232+08:00 Looking for story file at: D:\code\MyBook\Stories\story_data.json
2025-11-29T14:42:20.4446623+08:00 Loaded story file (D:\code\MyBook\Stories\story_data.json), length=37579
2025-11-29T14:42:20.5119807+08:00 Loaded 2 chapters and 50 nodes from file
2025-11-29T14:42:20.5125717+08:00 Looking for story file at: D:\code\MyBook\Stories\story_data.json
2025-11-29T14:42:20.5138941+08:00 Loaded story file (D:\code\MyBook\Stories\story_data.json), length=37579
2025-11-29T14:42:20.5146831+08:00 Loaded 2 chapters and 50 nodes from file
2025-11-29T14:42:21.8649076+08:00 Looking for story file at: D:\code\MyBook\Stories\story_data.json
2025-11-29T14:42:21.8769064+08:00 Loaded story file (D:\code\MyBook\Stories\story_data.json), length=37579
2025-11-29T14:42:21.8783400+08:00 Loaded 2 chapters and 50 nodes from file
